<?xml version="1.0" encoding="UTF-8"?>
<!-- Generated by org.testng.reporters.JUnitReportReporter -->
<testsuite hostname="6AA194BA0CB3950" name="com.baidu.gameqa.generation.Member__ajaxMyScoreDetail" tests="1" failures="0" timestamp="21 Aug 2014 08:38:11 GMT" time="1.313" errors="1">
  <testcase name="case02" time="1.313" classname="com.baidu.gameqa.generation.Member__ajaxMyScoreDetail">
    <error type="java.lang.AssertionError" message="Are equal exception : array lengths differed, expected.length=78 actual.length=400">
      <![CDATA[java.lang.AssertionError: Are equal exception : array lengths differed, expected.length=78 actual.length=400
	at org.junit.Assert.fail(Assert.java:91)
	at org.junit.internal.ComparisonCriteria.assertArraysAreSameLength(ComparisonCriteria.java:70)
	at org.junit.internal.ComparisonCriteria.arrayEquals(ComparisonCriteria.java:34)
	at org.junit.Assert.internalArrayEquals(Assert.java:414)
	at org.junit.Assert.assertArrayEquals(Assert.java:230)
	at com.baidu.gameqa.Gat.executor.InterfaceSingleStepExecutor.assertResult(Unknown Source)
	at com.baidu.gameqa.Gat.executor.InterfaceSingleStepExecutor.executeCase(Unknown Source)
	at com.baidu.gameqa.Gat.executor.CaseExecutor.execute(Unknown Source)
	at com.baidu.gameqa.generation.Member__ajaxMyScoreDetail.case02(Member__ajaxMyScoreDetail.java:32)
	at sun.reflect.NativeMethodAccessorImpl.invoke0(Native Method)
	at sun.reflect.NativeMethodAccessorImpl.invoke(Unknown Source)
	at sun.reflect.DelegatingMethodAccessorImpl.invoke(Unknown Source)
	at java.lang.reflect.Method.invoke(Unknown Source)
	at org.testng.internal.MethodInvocationHelper.invokeMethod(MethodInvocationHelper.java:84)
	at org.testng.internal.Invoker.invokeMethod(Invoker.java:714)
	at org.testng.internal.Invoker.invokeTestMethod(Invoker.java:901)
	at org.testng.internal.Invoker.invokeTestMethods(Invoker.java:1231)
	at org.testng.internal.TestMethodWorker.invokeTestMethods(TestMethodWorker.java:127)
	at org.testng.internal.TestMethodWorker.run(TestMethodWorker.java:111)
	at org.testng.TestRunner.privateRun(TestRunner.java:767)
	at org.testng.TestRunner.run(TestRunner.java:617)
	at org.testng.SuiteRunner.runTest(SuiteRunner.java:334)
	at org.testng.SuiteRunner.runSequentially(SuiteRunner.java:329)
	at org.testng.SuiteRunner.privateRun(SuiteRunner.java:291)
	at org.testng.SuiteRunner.run(SuiteRunner.java:240)
	at org.testng.SuiteRunnerWorker.runSuite(SuiteRunnerWorker.java:52)
	at org.testng.SuiteRunnerWorker.run(SuiteRunnerWorker.java:86)
	at org.testng.TestNG.runSuitesSequentially(TestNG.java:1224)
	at org.testng.TestNG.runSuitesLocally(TestNG.java:1149)
	at org.testng.TestNG.run(TestNG.java:1057)
	at org.testng.remote.RemoteTestNG.run(RemoteTestNG.java:111)
	at org.testng.remote.RemoteTestNG.initAndRun(RemoteTestNG.java:204)
	at org.testng.remote.RemoteTestNG.main(RemoteTestNG.java:175)
]]>
    </error>
  </testcase> <!-- case02 -->
</testsuite> <!-- com.baidu.gameqa.generation.Member__ajaxMyScoreDetail -->
